<?xml version="1.0" encoding="UTF-8"?>
<!-- Generated by org.testng.reporters.JUnitXMLReporter -->
<testsuite ignored="0" hostname="Harish" failures="0" tests="11" name="Default test" time="321.664" errors="0" timestamp="2021-09-24T17:50:47 IST">
  <testcase classname="com.UrbanLadder.Runner.AllTestcases" name="SearchForItem" time="16.135"/>
  <testcase classname="com.UrbanLadder.Runner.AllTestcases" name="GetCities" time="18.631"/>
  <testcase classname="com.UrbanLadder.Runner.AllTestcases" name="TvPrice" time="16.362"/>
  <testcase classname="com.UrbanLadder.Runner.AllTestcases" name="GetTwitterFollowers" time="17.788"/>
  <testcase classname="com.UrbanLadder.Runner.AllTestcases" name="VerifyGiftCard" time="16.892"/>
  <testcase classname="com.UrbanLadder.Runner.AllTestcases" name="CheckoutItem" time="29.669"/>
  <testcase classname="com.UrbanLadder.Runner.AllTestcases" name="ChatSupportCkeck" time="41.99"/>
  <testcase classname="com.UrbanLadder.Runner.AllTestcases" name="NoOfLinksinStoresPage" time="19.012"/>
  <testcase classname="com.UrbanLadder.Runner.AllTestcases" name="TrackOrder" time="17.899"/>
  <testcase classname="com.UrbanLadder.Runner.AllTestcases" name="TrackOrder" time="23.344"/>
  <testcase classname="com.UrbanLadder.Runner.AllTestcases" name="SelectRecommendations" time="25.701"/>
</testsuite> <!-- Default test -->
