<?xml version="1.0" encoding="UTF-8"?>
<!-- Generated by org.testng.reporters.JUnitXMLReporter -->
<testsuite ignored="0" hostname="Harish" failures="0" tests="11" name="Test" time="809.583" errors="0" timestamp="2021-09-25T20:19:24 IST">
  <testcase classname="com.UrbanLadder.Runner.AllTestcases" name="SearchForItem" time="10.127"/>
  <testcase classname="com.UrbanLadder.Runner.AllTestcases" name="GetCities" time="12.696"/>
  <testcase classname="com.UrbanLadder.Runner.AllTestcases" name="TvPrice" time="20.355"/>
  <testcase classname="com.UrbanLadder.Runner.AllTestcases" name="GetTwitterFollowers" time="27.837"/>
  <testcase classname="com.UrbanLadder.Runner.AllTestcases" name="VerifyGiftCard" time="88.32"/>
  <testcase classname="com.UrbanLadder.Runner.AllTestcases" name="CheckoutItem" time="42.377"/>
  <testcase classname="com.UrbanLadder.Runner.AllTestcases" name="ChatSupportCkeck" time="36.011"/>
  <testcase classname="com.UrbanLadder.Runner.AllTestcases" name="NoOfLinksinStoresPage" time="99.314"/>
  <testcase classname="com.UrbanLadder.Runner.AllTestcases" name="TrackOrder" time="63.717"/>
  <testcase classname="com.UrbanLadder.Runner.AllTestcases" name="TrackOrder" time="68.068"/>
  <testcase classname="com.UrbanLadder.Runner.AllTestcases" name="SelectRecommendations" time="19.587"/>
</testsuite> <!-- Test -->
