<?xml version="1.0" encoding="UTF-8"?>
<testng-results ignored="0" total="11" passed="11" failed="0" skipped="0">
  <reporter-output>
  </reporter-output>
  <suite started-at="2021-09-25T20:05:54 IST" name="Suite" finished-at="2021-09-25T20:19:23 IST" duration-ms="809583">
    <groups>
    </groups>
    <test started-at="2021-09-25T20:05:54 IST" name="Test" finished-at="2021-09-25T20:19:23 IST" duration-ms="809583">
      <class name="com.UrbanLadder.Runner.AllTestcases">
        <test-method is-config="true" signature="in()[pri:0, instance:com.UrbanLadder.Runner.AllTestcases@f5acb9d]" started-at="2021-09-25T20:05:54 IST" name="in" finished-at="2021-09-25T20:06:15 IST" duration-ms="21171" status="PASS">
          <reporter-output>
          </reporter-output>
        </test-method> <!-- in -->
        <test-method signature="SearchForItem()[pri:0, instance:com.UrbanLadder.Runner.AllTestcases@f5acb9d]" started-at="2021-09-25T20:06:15 IST" name="SearchForItem" finished-at="2021-09-25T20:06:25 IST" duration-ms="10127" status="PASS">
          <reporter-output>
          </reporter-output>
        </test-method> <!-- SearchForItem -->
        <test-method is-config="true" signature="closeDriverM()[pri:0, instance:com.UrbanLadder.Runner.AllTestcases@f5acb9d]" started-at="2021-09-25T20:06:26 IST" name="closeDriverM" finished-at="2021-09-25T20:06:27 IST" duration-ms="836" status="PASS">
          <reporter-output>
          </reporter-output>
        </test-method> <!-- closeDriverM -->
        <test-method is-config="true" signature="in()[pri:0, instance:com.UrbanLadder.Runner.AllTestcases@f5acb9d]" started-at="2021-09-25T20:06:27 IST" name="in" finished-at="2021-09-25T20:06:46 IST" duration-ms="19021" status="PASS">
          <reporter-output>
          </reporter-output>
        </test-method> <!-- in -->
        <test-method signature="GetCities()[pri:1, instance:com.UrbanLadder.Runner.AllTestcases@f5acb9d]" started-at="2021-09-25T20:06:46 IST" name="GetCities" finished-at="2021-09-25T20:06:58 IST" duration-ms="12696" status="PASS">
          <reporter-output>
          </reporter-output>
        </test-method> <!-- GetCities -->
        <test-method is-config="true" signature="closeDriverM()[pri:0, instance:com.UrbanLadder.Runner.AllTestcases@f5acb9d]" started-at="2021-09-25T20:06:59 IST" name="closeDriverM" finished-at="2021-09-25T20:06:59 IST" duration-ms="802" status="PASS">
          <reporter-output>
          </reporter-output>
        </test-method> <!-- closeDriverM -->
        <test-method is-config="true" signature="in()[pri:0, instance:com.UrbanLadder.Runner.AllTestcases@f5acb9d]" started-at="2021-09-25T20:06:59 IST" name="in" finished-at="2021-09-25T20:07:24 IST" duration-ms="24971" status="PASS">
          <reporter-output>
          </reporter-output>
        </test-method> <!-- in -->
        <test-method signature="TvPrice()[pri:2, instance:com.UrbanLadder.Runner.AllTestcases@f5acb9d]" started-at="2021-09-25T20:07:24 IST" name="TvPrice" finished-at="2021-09-25T20:07:45 IST" duration-ms="20355" status="PASS">
          <reporter-output>
          </reporter-output>
        </test-method> <!-- TvPrice -->
        <test-method is-config="true" signature="closeDriverM()[pri:0, instance:com.UrbanLadder.Runner.AllTestcases@f5acb9d]" started-at="2021-09-25T20:07:45 IST" name="closeDriverM" finished-at="2021-09-25T20:07:46 IST" duration-ms="759" status="PASS">
          <reporter-output>
          </reporter-output>
        </test-method> <!-- closeDriverM -->
        <test-method is-config="true" signature="in()[pri:0, instance:com.UrbanLadder.Runner.AllTestcases@f5acb9d]" started-at="2021-09-25T20:07:46 IST" name="in" finished-at="2021-09-25T20:08:08 IST" duration-ms="22446" status="PASS">
          <reporter-output>
          </reporter-output>
        </test-method> <!-- in -->
        <test-method signature="GetTwitterFollowers()[pri:3, instance:com.UrbanLadder.Runner.AllTestcases@f5acb9d]" started-at="2021-09-25T20:08:08 IST" name="GetTwitterFollowers" finished-at="2021-09-25T20:08:36 IST" duration-ms="27837" status="PASS">
          <reporter-output>
          </reporter-output>
        </test-method> <!-- GetTwitterFollowers -->
        <test-method is-config="true" signature="closeDriverM()[pri:0, instance:com.UrbanLadder.Runner.AllTestcases@f5acb9d]" started-at="2021-09-25T20:08:37 IST" name="closeDriverM" finished-at="2021-09-25T20:08:37 IST" duration-ms="871" status="PASS">
          <reporter-output>
          </reporter-output>
        </test-method> <!-- closeDriverM -->
        <test-method is-config="true" signature="in()[pri:0, instance:com.UrbanLadder.Runner.AllTestcases@f5acb9d]" started-at="2021-09-25T20:08:37 IST" name="in" finished-at="2021-09-25T20:09:01 IST" duration-ms="23959" status="PASS">
          <reporter-output>
          </reporter-output>
        </test-method> <!-- in -->
        <test-method signature="VerifyGiftCard()[pri:4, instance:com.UrbanLadder.Runner.AllTestcases@f5acb9d]" started-at="2021-09-25T20:09:01 IST" name="VerifyGiftCard" finished-at="2021-09-25T20:10:30 IST" duration-ms="88320" status="PASS">
          <reporter-output>
          </reporter-output>
        </test-method> <!-- VerifyGiftCard -->
        <test-method is-config="true" signature="closeDriverM()[pri:0, instance:com.UrbanLadder.Runner.AllTestcases@f5acb9d]" started-at="2021-09-25T20:10:30 IST" name="closeDriverM" finished-at="2021-09-25T20:10:31 IST" duration-ms="889" status="PASS">
          <reporter-output>
          </reporter-output>
        </test-method> <!-- closeDriverM -->
        <test-method is-config="true" signature="in()[pri:0, instance:com.UrbanLadder.Runner.AllTestcases@f5acb9d]" started-at="2021-09-25T20:10:31 IST" name="in" finished-at="2021-09-25T20:10:50 IST" duration-ms="19308" status="PASS">
          <reporter-output>
          </reporter-output>
        </test-method> <!-- in -->
        <test-method signature="CheckoutItem()[pri:5, instance:com.UrbanLadder.Runner.AllTestcases@f5acb9d]" started-at="2021-09-25T20:10:50 IST" name="CheckoutItem" finished-at="2021-09-25T20:11:33 IST" duration-ms="42377" status="PASS">
          <reporter-output>
          </reporter-output>
        </test-method> <!-- CheckoutItem -->
        <test-method is-config="true" signature="closeDriverM()[pri:0, instance:com.UrbanLadder.Runner.AllTestcases@f5acb9d]" started-at="2021-09-25T20:11:33 IST" name="closeDriverM" finished-at="2021-09-25T20:11:33 IST" duration-ms="737" status="PASS">
          <reporter-output>
          </reporter-output>
        </test-method> <!-- closeDriverM -->
        <test-method is-config="true" signature="in()[pri:0, instance:com.UrbanLadder.Runner.AllTestcases@f5acb9d]" started-at="2021-09-25T20:11:34 IST" name="in" finished-at="2021-09-25T20:11:56 IST" duration-ms="22245" status="PASS">
          <reporter-output>
          </reporter-output>
        </test-method> <!-- in -->
        <test-method signature="ChatSupportCkeck()[pri:6, instance:com.UrbanLadder.Runner.AllTestcases@f5acb9d]" started-at="2021-09-25T20:11:56 IST" name="ChatSupportCkeck" finished-at="2021-09-25T20:12:32 IST" duration-ms="36011" status="PASS">
          <reporter-output>
          </reporter-output>
        </test-method> <!-- ChatSupportCkeck -->
        <test-method is-config="true" signature="closeDriverM()[pri:0, instance:com.UrbanLadder.Runner.AllTestcases@f5acb9d]" started-at="2021-09-25T20:12:32 IST" name="closeDriverM" finished-at="2021-09-25T20:12:33 IST" duration-ms="812" status="PASS">
          <reporter-output>
          </reporter-output>
        </test-method> <!-- closeDriverM -->
        <test-method is-config="true" signature="in()[pri:0, instance:com.UrbanLadder.Runner.AllTestcases@f5acb9d]" started-at="2021-09-25T20:12:33 IST" name="in" finished-at="2021-09-25T20:13:02 IST" duration-ms="28502" status="PASS">
          <reporter-output>
          </reporter-output>
        </test-method> <!-- in -->
        <test-method signature="NoOfLinksinStoresPage()[pri:7, instance:com.UrbanLadder.Runner.AllTestcases@f5acb9d]" started-at="2021-09-25T20:13:02 IST" name="NoOfLinksinStoresPage" finished-at="2021-09-25T20:14:41 IST" duration-ms="99314" status="PASS">
          <reporter-output>
          </reporter-output>
        </test-method> <!-- NoOfLinksinStoresPage -->
        <test-method is-config="true" signature="closeDriverM()[pri:0, instance:com.UrbanLadder.Runner.AllTestcases@f5acb9d]" started-at="2021-09-25T20:14:41 IST" name="closeDriverM" finished-at="2021-09-25T20:14:42 IST" duration-ms="807" status="PASS">
          <reporter-output>
          </reporter-output>
        </test-method> <!-- closeDriverM -->
        <test-method is-config="true" signature="in()[pri:0, instance:com.UrbanLadder.Runner.AllTestcases@f5acb9d]" started-at="2021-09-25T20:14:43 IST" name="in" finished-at="2021-09-25T20:15:25 IST" duration-ms="41491" status="PASS">
          <reporter-output>
          </reporter-output>
        </test-method> <!-- in -->
        <test-method signature="TrackOrder(java.lang.String,java.lang.String)[pri:8, instance:com.UrbanLadder.Runner.AllTestcases@f5acb9d]" started-at="2021-09-25T20:15:25 IST" name="TrackOrder" data-provider="getData" finished-at="2021-09-25T20:16:28 IST" duration-ms="63717" status="PASS">
          <params>
            <param index="0">
              <value>
                <![CDATA[U1]]>
              </value>
            </param>
            <param index="1">
              <value>
                <![CDATA[P1]]>
              </value>
            </param>
          </params>
          <reporter-output>
          </reporter-output>
        </test-method> <!-- TrackOrder -->
        <test-method is-config="true" signature="closeDriverM()[pri:0, instance:com.UrbanLadder.Runner.AllTestcases@f5acb9d]" started-at="2021-09-25T20:16:28 IST" name="closeDriverM" finished-at="2021-09-25T20:16:29 IST" duration-ms="803" status="PASS">
          <reporter-output>
          </reporter-output>
        </test-method> <!-- closeDriverM -->
        <test-method is-config="true" signature="in()[pri:0, instance:com.UrbanLadder.Runner.AllTestcases@f5acb9d]" started-at="2021-09-25T20:16:29 IST" name="in" finished-at="2021-09-25T20:17:24 IST" duration-ms="54625" status="PASS">
          <reporter-output>
          </reporter-output>
        </test-method> <!-- in -->
        <test-method signature="TrackOrder(java.lang.String,java.lang.String)[pri:8, instance:com.UrbanLadder.Runner.AllTestcases@f5acb9d]" started-at="2021-09-25T20:17:24 IST" name="TrackOrder" data-provider="getData" finished-at="2021-09-25T20:18:32 IST" duration-ms="68068" status="PASS">
          <params>
            <param index="0">
              <value>
                <![CDATA[U2]]>
              </value>
            </param>
            <param index="1">
              <value>
                <![CDATA[P2]]>
              </value>
            </param>
          </params>
          <reporter-output>
          </reporter-output>
        </test-method> <!-- TrackOrder -->
        <test-method is-config="true" signature="closeDriverM()[pri:0, instance:com.UrbanLadder.Runner.AllTestcases@f5acb9d]" started-at="2021-09-25T20:18:32 IST" name="closeDriverM" finished-at="2021-09-25T20:18:33 IST" duration-ms="801" status="PASS">
          <reporter-output>
          </reporter-output>
        </test-method> <!-- closeDriverM -->
        <test-method is-config="true" signature="in()[pri:0, instance:com.UrbanLadder.Runner.AllTestcases@f5acb9d]" started-at="2021-09-25T20:18:33 IST" name="in" finished-at="2021-09-25T20:19:03 IST" duration-ms="29808" status="PASS">
          <reporter-output>
          </reporter-output>
        </test-method> <!-- in -->
        <test-method signature="SelectRecommendations()[pri:9, instance:com.UrbanLadder.Runner.AllTestcases@f5acb9d]" started-at="2021-09-25T20:19:03 IST" name="SelectRecommendations" finished-at="2021-09-25T20:19:22 IST" duration-ms="19587" status="PASS">
          <reporter-output>
          </reporter-output>
        </test-method> <!-- SelectRecommendations -->
        <test-method is-config="true" signature="closeDriverM()[pri:0, instance:com.UrbanLadder.Runner.AllTestcases@f5acb9d]" started-at="2021-09-25T20:19:23 IST" name="closeDriverM" finished-at="2021-09-25T20:19:23 IST" duration-ms="752" status="PASS">
          <reporter-output>
          </reporter-output>
        </test-method> <!-- closeDriverM -->
      </class> <!-- com.UrbanLadder.Runner.AllTestcases -->
    </test> <!-- Test -->
  </suite> <!-- Suite -->
</testng-results>
